<?xml version="1.0" encoding="UTF-8"?>
<testsuite xmlns:xsi="http://www.w3.org/2001/XMLSchema-instance" xsi:noNamespaceSchemaLocation="https://maven.apache.org/surefire/maven-surefire-plugin/xsd/surefire-test-report.xsd" version="3.0.2" name="com.innowise.LinkedListTest" time="0.087" tests="12" errors="0" skipped="0" failures="0">
  <properties>
[...]
</properties>
  <testcase name="testGetFirst" classname="com.innowise.LinkedListTest" time="0.035"/>
  <testcase name="testAddLast" classname="com.innowise.LinkedListTest" time="0.001"/>
  <testcase name="testAdd" classname="com.innowise.LinkedListTest" time="0.002"/>
  <testcase name="testGet" classname="com.innowise.LinkedListTest" time="0.001"/>
  <testcase name="testSize" classname="com.innowise.LinkedListTest" time="0.002"/>
  <testcase name="testRemoveFirst" classname="com.innowise.LinkedListTest" time="0.001"/>
  <testcase name="testRemoveByValue" classname="com.innowise.LinkedListTest" time="0.0"/>
  <testcase name="testAddFirst" classname="com.innowise.LinkedListTest" time="0.001"/>
  <testcase name="testGetLast" classname="com.innowise.LinkedListTest" time="0.001"/>
  <testcase name="testRemoveLast" classname="com.innowise.LinkedListTest" time="0.002"/>
  <testcase name="testIndexOf" classname="com.innowise.LinkedListTest" time="0.001"/>
  <testcase name="testRemove" classname="com.innowise.LinkedListTest" time="0.001"/>
</testsuite>